[0710/202533:ERROR:process_info.cc(608)] range at 0x85b32c5200000000, size 0x180 fully unreadable
[0710/202533:ERROR:process_info.cc(608)] range at 0x85b32cb400000000, size 0x180 fully unreadable
[0710/202533:ERROR:process_info.cc(608)] range at 0x0, size 0x180 fully unreadable
[0710/202533:WARNING:in_range_cast.h(38)] value 1651510548952 out of range
[0710/202533:WARNING:in_range_cast.h(38)] value 1651510545890 out of range
[0710/202533:WARNING:in_range_cast.h(38)] value 1651510548992 out of range
[0710/202533:WARNING:in_range_cast.h(38)] value 1651510548472 out of range
[0710/202533:WARNING:in_range_cast.h(38)] value 1651510549680 out of range
[0710/202533:WARNING:in_range_cast.h(38)] value 1651510994352 out of range
[0710/202533:ERROR:process_reader_win.cc(232)] ReadMemory at 0x46c09ac000 of 81920 bytes failed: Only part of a ReadProcessMemory or WriteProcessMemory request was completed. (0x12B)
[0710/202533:ERROR:crash_report_exception_handler.cc(102)] WriteEverything failed
[0710/202533:ERROR:scoped_process_suspend.cc(38)] NtResumeProcess, ntstatus=-1073741558
[0716/131430:ERROR:process_info.cc(608)] range at 0x9f4b2c5800000000, size 0x1c0 fully unreadable
[0716/131430:ERROR:process_info.cc(608)] range at 0x9f4b2cbe00000000, size 0x1c0 fully unreadable
[0716/131430:ERROR:process_info.cc(608)] range at 0x0, size 0x1c0 fully unreadable
[0716/131430:WARNING:in_range_cast.h(38)] value 1926817847774 out of range
[0716/131430:WARNING:in_range_cast.h(38)] value 1926817844712 out of range
[0716/131430:WARNING:in_range_cast.h(38)] value 1926817847814 out of range
[0716/131430:WARNING:in_range_cast.h(38)] value 1926817847294 out of range
[0716/131430:WARNING:in_range_cast.h(38)] value 1926817848502 out of range
[0716/131430:WARNING:in_range_cast.h(38)] value 1926818290240 out of range
[0919/202513:ERROR:process_info.cc(608)] range at 0x872d7c00000000, size 0x20c fully unreadable
[0919/202513:ERROR:process_info.cc(608)] range at 0x872de000000000, size 0x20c fully unreadable
[0919/202513:ERROR:process_info.cc(608)] range at 0x0, size 0x20c fully unreadable
[0919/202513:WARNING:in_range_cast.h(38)] value 2250571717222 out of range
[0919/202513:WARNING:in_range_cast.h(38)] value 2250571714160 out of range
[0919/202513:WARNING:in_range_cast.h(38)] value 2250571717266 out of range
[0919/202513:WARNING:in_range_cast.h(38)] value 2250571716742 out of range
[0919/202513:WARNING:in_range_cast.h(38)] value 2250571717954 out of range
[0919/202513:WARNING:in_range_cast.h(38)] value 2250572166624 out of range
[0919/203123:ERROR:process_info.cc(608)] range at 0xd3372d9e00000000, size 0x11e fully unreadable
[0919/203123:ERROR:process_info.cc(608)] range at 0xd3372e0200000000, size 0x11e fully unreadable
[0919/203123:ERROR:process_info.cc(608)] range at 0x0, size 0x11e fully unreadable
[0919/203123:WARNING:in_range_cast.h(38)] value 1231904250470 out of range
[0919/203123:WARNING:in_range_cast.h(38)] value 1231904247408 out of range
[0919/203123:WARNING:in_range_cast.h(38)] value 1231904250514 out of range
[0919/203123:WARNING:in_range_cast.h(38)] value 1231904249990 out of range
[0919/203123:WARNING:in_range_cast.h(38)] value 1231904251202 out of range
[0919/203123:WARNING:in_range_cast.h(38)] value 1231904723456 out of range
[0919/224149:ERROR:process_info.cc(608)] range at 0x9d842e6800000000, size 0x1f0 fully unreadable
[0919/224149:ERROR:process_info.cc(608)] range at 0x9d842ecc00000000, size 0x1f0 fully unreadable
[0919/224149:ERROR:process_info.cc(608)] range at 0x0, size 0x1f0 fully unreadable
[0919/224149:WARNING:in_range_cast.h(38)] value 2132946459454 out of range
[0919/224149:WARNING:in_range_cast.h(38)] value 2132946456178 out of range
[0919/224149:WARNING:in_range_cast.h(38)] value 2132946459498 out of range
[0919/224149:WARNING:in_range_cast.h(38)] value 2132946458974 out of range
[0919/224149:WARNING:in_range_cast.h(38)] value 2132946460186 out of range
[0919/224149:WARNING:in_range_cast.h(38)] value 2132946916736 out of range
[0919/224629:ERROR:process_reader_win.cc(114)] NtOpenThread: {Access Denied} A process has requested access to an object, but has not been granted those access rights.  (0xc0000022)
[0919/224629:ERROR:exception_snapshot_win.cc(87)] thread ID 6388 not found in process
[0919/224629:WARNING:crash_report_exception_handler.cc(56)] ProcessSnapshotWin::Initialize failed
[0313/133545.855:ERROR:process_reader_win.cc(114)] NtOpenThread: {Access Denied} A process has requested access to an object, but has not been granted those access rights.  (0xc0000022)
[0313/133545.857:ERROR:exception_snapshot_win.cc(87)] thread ID 14168 not found in process
[0313/133545.857:WARNING:crash_report_exception_handler.cc(60)] ProcessSnapshotWin::Initialize failed
[0313/140054.455:ERROR:process_reader_win.cc(114)] NtOpenThread: {Access Denied} A process has requested access to an object, but has not been granted those access rights.  (0xc0000022)
[0313/140054.457:ERROR:exception_snapshot_win.cc(87)] thread ID 6304 not found in process
[0313/140054.457:WARNING:crash_report_exception_handler.cc(60)] ProcessSnapshotWin::Initialize failed
[0313/140829.449:ERROR:process_reader_win.cc(114)] NtOpenThread: {Access Denied} A process has requested access to an object, but has not been granted those access rights.  (0xc0000022)
[0313/140829.449:ERROR:exception_snapshot_win.cc(87)] thread ID 7680 not found in process
[0313/140829.449:WARNING:crash_report_exception_handler.cc(60)] ProcessSnapshotWin::Initialize failed
[0313/141307.037:ERROR:process_reader_win.cc(114)] NtOpenThread: {Access Denied} A process has requested access to an object, but has not been granted those access rights.  (0xc0000022)
[0313/141307.039:ERROR:exception_snapshot_win.cc(87)] thread ID 16184 not found in process
[0313/141307.039:WARNING:crash_report_exception_handler.cc(60)] ProcessSnapshotWin::Initialize failed
[0313/141445.019:ERROR:process_reader_win.cc(114)] NtOpenThread: {Access Denied} A process has requested access to an object, but has not been granted those access rights.  (0xc0000022)
[0313/141445.021:ERROR:exception_snapshot_win.cc(87)] thread ID 2044 not found in process
[0313/141445.021:WARNING:crash_report_exception_handler.cc(60)] ProcessSnapshotWin::Initialize failed
